<?xml version="1.0" encoding="UTF-8" standalone="no"?>
<testsuite errors="0" failures="0" name="io.cucumber.core.plugin.JUnitFormatter" skipped="0" tests="3" time="35.657">
    <testcase classname="Login features" name="Test Login with different data" time="13.251">
        <system-out><![CDATA[Given I am able to navigate onto the login page.............................passed
When I Enter the username as "Admin"........................................passed
And I Enrer the Password as "admin123"......................................passed
And I Click on the Login button.............................................passed
Then I should see the username as "Welcome Rishikesh".......................passed
]]></system-out>
    </testcase>
    <testcase classname="Login features" name="Test Login with different data 2" time="12.839">
        <system-out><![CDATA[Given I am able to navigate onto the login page.............................passed
When I Enter the username as "Admin"........................................passed
And I Enrer the Password as "admin123"......................................passed
And I Click on the Login button.............................................passed
Then I should see the username as "Welcome Rishikesh".......................passed
]]></system-out>
    </testcase>
    <testcase classname="Login features" name="Login with Negative data" time="9.345">
        <system-out><![CDATA[Given I am able to navigate onto the login page.............................passed
When I Enter the username as "Sunil"........................................passed
And I Enrer the Password as "admin123"......................................passed
And I Click on the Login button.............................................passed
Then I should see a Error Message as "Invalid Credentials"..................passed
]]></system-out>
    </testcase>
</testsuite>
